#
# There is insufficient memory for the Java Runtime Environment to continue.
# Native memory allocation (malloc) failed to allocate 32784 bytes. Error detail: Chunk::new
# Possible reasons:
#   The system is out of physical RAM or swap space
#   This process is running with CompressedOops enabled, and the Java Heap may be blocking the growth of the native heap
# Possible solutions:
#   Reduce memory load on the system
#   Increase physical memory or swap space
#   Check if swap backing store is full
#   Decrease Java heap size (-Xmx/-Xms)
#   Decrease number of Java threads
#   Decrease Java thread stack sizes (-Xss)
#   Set larger code cache with -XX:ReservedCodeCacheSize=
#   JVM is running with Unscaled Compressed Oops mode in which the Java heap is
#     placed in the first 4GB address space. The Java Heap base address is the
#     maximum limit for the native heap growth. Please use -XX:HeapBaseMinAddress
#     to set the Java Heap base and to place the Java Heap above 4GB virtual address.
# This output file may be truncated or incomplete.
#
#  Out of Memory Error (arena.cpp:150), pid=26804, tid=13032
#
# JRE version: Java(TM) SE Runtime Environment (22.0.1+8) (build 22.0.1+8-16)
# Java VM: Java HotSpot(TM) 64-Bit Server VM (22.0.1+8-16, mixed mode, sharing, tiered, compressed oops, compressed class ptrs, g1 gc, windows-amd64)
# No core dump will be written. Minidumps are not enabled by default on client versions of Windows
#

---------------  S U M M A R Y ------------

Command Line: -Dfile.encoding=UTF-8 ASimulatorSystem.Login

Host: AMD Ryzen 5 4600H with Radeon Graphics         , 12 cores, 7G,  Windows 11 , 64 bit Build 22621 (10.0.22621.3672)
Time: Sun Jul 14 15:54:53 2024 India Standard Time elapsed time: 27.869099 seconds (0d 0h 0m 27s)

---------------  T H R E A D  ---------------

Current thread (0x0000012bea549970):  JavaThread "C2 CompilerThread0" daemon [_thread_in_native, id=13032, stack(0x0000001c21b00000,0x0000001c21c00000) (1024K)]


Current CompileTask:
C2:27869 2723 %     4       java.text.MessageFormat::applyPatternImpl @ 34 (422 bytes)

Stack: [0x0000001c21b00000,0x0000001c21c00000]
Native frames: (J=compiled Java code, j=interpreted, Vv=VM code, C=native code)
V  [jvm.dll+0x6e2279]  (no source info available)
V  [jvm.dll+0x874e33]  (no source info available)
V  [jvm.dll+0x87725e]  (no source info available)
V  [jvm.dll+0x877933]  (no source info available)
V  [jvm.dll+0x27fd76]  (no source info available)
V  [jvm.dll+0xc3d0f]  (no source info available)
V  [jvm.dll+0xc40fb]  (no source info available)
V  [jvm.dll+0xc3bbb]  (no source info available)
V  [jvm.dll+0x73a75c]  (no source info available)
V  [jvm.dll+0x616647]  (no source info available)
V  [jvm.dll+0x5fc5ec]  (no source info available)
V  [jvm.dll+0x5f9b03]  (no source info available)
V  [jvm.dll+0x5fb94e]  (no source info available)
V  [jvm.dll+0x5fb4f2]  (no source info available)
V  [jvm.dll+0x5fad40]  (no source info available)
V  [jvm.dll+0x60c413]  (no source info available)
V  [jvm.dll+0x250db2]  (no source info available)
V  [jvm.dll+0x24949c]  (no source info available)
V  [jvm.dll+0x246ec6]  (no source info available)
V  [jvm.dll+0x1c4e90]  (no source info available)
V  [jvm.dll+0x2569fe]  (no source info available)
V  [jvm.dll+0x254cba]  (no source info available)
V  [jvm.dll+0x3f5336]  (no source info available)
V  [jvm.dll+0x81d44b]  (no source info available)
V  [jvm.dll+0x6e0915]  (no source info available)
C  [ucrtbase.dll+0x29333]  (no source info available)
C  [KERNEL32.DLL+0x1257d]  (no source info available)
C  [ntdll.dll+0x5af28]  (no source info available)


---------------  P R O C E S S  ---------------

Threads class SMR info:
_java_thread_list=0x0000012bea775ac0, length=18, elements={
0x0000012bea542420, 0x0000012bea543ff0, 0x0000012bea544a50, 0x0000012bea5454b0,
0x0000012bea546040, 0x0000012bea548be0, 0x0000012bea549970, 0x0000012bea54fe70,
0x0000012bc526a5e0, 0x0000012bc5273d00, 0x0000012bc5423a70, 0x0000012bc5428670,
0x0000012bc542bfd0, 0x0000012bc85106e0, 0x0000012bc867ac60, 0x0000012bcb81b1f0,
0x0000012bea821950, 0x0000012bc535de50
}

Java Threads: ( => current thread )
  0x0000012bea542420 JavaThread "Reference Handler"          daemon [_thread_blocked, id=26388, stack(0x0000001c21500000,0x0000001c21600000) (1024K)]
  0x0000012bea543ff0 JavaThread "Finalizer"                  daemon [_thread_blocked, id=17716, stack(0x0000001c21600000,0x0000001c21700000) (1024K)]
  0x0000012bea544a50 JavaThread "Signal Dispatcher"          daemon [_thread_blocked, id=27060, stack(0x0000001c21700000,0x0000001c21800000) (1024K)]
  0x0000012bea5454b0 JavaThread "Attach Listener"            daemon [_thread_blocked, id=24708, stack(0x0000001c21800000,0x0000001c21900000) (1024K)]
  0x0000012bea546040 JavaThread "Service Thread"             daemon [_thread_blocked, id=27444, stack(0x0000001c21900000,0x0000001c21a00000) (1024K)]
  0x0000012bea548be0 JavaThread "Monitor Deflation Thread"   daemon [_thread_blocked, id=26632, stack(0x0000001c21a00000,0x0000001c21b00000) (1024K)]
=>0x0000012bea549970 JavaThread "C2 CompilerThread0"         daemon [_thread_in_native, id=13032, stack(0x0000001c21b00000,0x0000001c21c00000) (1024K)]
  0x0000012bea54fe70 JavaThread "C1 CompilerThread0"         daemon [_thread_blocked, id=27108, stack(0x0000001c21c00000,0x0000001c21d00000) (1024K)]
  0x0000012bc526a5e0 JavaThread "Notification Thread"        daemon [_thread_blocked, id=18460, stack(0x0000001c21d00000,0x0000001c21e00000) (1024K)]
  0x0000012bc5273d00 JavaThread "Common-Cleaner"             daemon [_thread_blocked, id=24508, stack(0x0000001c21e00000,0x0000001c21f00000) (1024K)]
  0x0000012bc5423a70 JavaThread "Java2D Disposer"            daemon [_thread_blocked, id=23384, stack(0x0000001c21f00000,0x0000001c22000000) (1024K)]
  0x0000012bc5428670 JavaThread "AWT-Shutdown"                      [_thread_blocked, id=26864, stack(0x0000001c22000000,0x0000001c22100000) (1024K)]
  0x0000012bc542bfd0 JavaThread "AWT-Windows"                daemon [_thread_in_native, id=27172, stack(0x0000001c22100000,0x0000001c22200000) (1024K)]
  0x0000012bc85106e0 JavaThread "AWT-EventQueue-0"                  [_thread_in_vm, id=18240, stack(0x0000001c22d00000,0x0000001c22e00000) (1024K)]
  0x0000012bc867ac60 JavaThread "D3D Screen Updater"         daemon [_thread_blocked, id=25968, stack(0x0000001c22f00000,0x0000001c23000000) (1024K)]
  0x0000012bcb81b1f0 JavaThread "DestroyJavaVM"                     [_thread_blocked, id=22940, stack(0x0000001c20d00000,0x0000001c20e00000) (1024K)]
  0x0000012bea821950 JavaThread "TimerQueue"                 daemon [_thread_blocked, id=25796, stack(0x0000001c23100000,0x0000001c23200000) (1024K)]
  0x0000012bc535de50 JavaThread "mysql-cj-abandoned-connection-cleanup" daemon [_thread_blocked, id=1284, stack(0x0000001c22c00000,0x0000001c22d00000) (1024K)]
Total: 18

Other Threads:
  0x0000012bea5277e0 VMThread "VM Thread"                           [id=26104, stack(0x0000001c21400000,0x0000001c21500000) (1024K)]
  0x0000012bea511fb0 WatcherThread "VM Periodic Task Thread"        [id=20052, stack(0x0000001c21300000,0x0000001c21400000) (1024K)]
  0x0000012bcdbbbf10 WorkerThread "GC Thread#0"                     [id=27644, stack(0x0000001c20e00000,0x0000001c20f00000) (1024K)]
  0x0000012bea81bd20 WorkerThread "GC Thread#1"                     [id=5272, stack(0x0000001c23300000,0x0000001c23400000) (1024K)]
  0x0000012beab1d880 WorkerThread "GC Thread#2"                     [id=27316, stack(0x0000001c23400000,0x0000001c23500000) (1024K)]
  0x0000012bea5a7cd0 WorkerThread "GC Thread#3"                     [id=16276, stack(0x0000001c23500000,0x0000001c23600000) (1024K)]
  0x0000012bea6adb40 WorkerThread "GC Thread#4"                     [id=26588, stack(0x0000001c23600000,0x0000001c23700000) (1024K)]
  0x0000012bea6adef0 WorkerThread "GC Thread#5"                     [id=8772, stack(0x0000001c23700000,0x0000001c23800000) (1024K)]
  0x0000012bea643780 WorkerThread "GC Thread#6"                     [id=25888, stack(0x0000001c23800000,0x0000001c23900000) (1024K)]
  0x0000012bea64f9d0 WorkerThread "GC Thread#7"                     [id=24452, stack(0x0000001c23900000,0x0000001c23a00000) (1024K)]
  0x0000012bea650190 WorkerThread "GC Thread#8"                     [id=25876, stack(0x0000001c23a00000,0x0000001c23b00000) (1024K)]
  0x0000012bea654960 WorkerThread "GC Thread#9"                     [id=25232, stack(0x0000001c23b00000,0x0000001c23c00000) (1024K)]
  0x0000012bcdbcda20 ConcurrentGCThread "G1 Main Marker"            [id=27096, stack(0x0000001c20f00000,0x0000001c21000000) (1024K)]
  0x0000012bcdbce5e0 WorkerThread "G1 Conc#0"                       [id=19628, stack(0x0000001c21000000,0x0000001c21100000) (1024K)]
  0x0000012bea3e5590 ConcurrentGCThread "G1 Refine#0"               [id=22440, stack(0x0000001c21100000,0x0000001c21200000) (1024K)]
  0x0000012bea3e5dc0 ConcurrentGCThread "G1 Service"                [id=26824, stack(0x0000001c21200000,0x0000001c21300000) (1024K)]
Total: 16

Threads with active compile tasks:
C2 CompilerThread0  27919 2723 %     4       java.text.MessageFormat::applyPatternImpl @ 34 (422 bytes)
Total: 1

VM state: not at safepoint (normal execution)

VM Mutex/Monitor currently owned by a thread: None

Heap address: 0x000000008a000000, size: 1888 MB, Compressed Oops mode: 32-bit

CDS archive(s) mapped at: [0x0000012b80000000-0x0000012b80c60000-0x0000012b80c60000), size 12976128, SharedBaseAddress: 0x0000012b80000000, ArchiveRelocationMode: 1.
Compressed class space mapped at: 0x0000012b81000000-0x0000012bc1000000, reserved size: 1073741824
Narrow klass base: 0x0000012b80000000, Narrow klass shift: 0, Narrow klass range: 0x41000000

GC Precious Log:
 CardTable entry size: 512
 Card Set container configuration: InlinePtr #cards 5 size 8 Array Of Cards #cards 12 size 40 Howl #buckets 4 coarsen threshold 1843 Howl Bitmap #cards 512 size 80 coarsen threshold 460 Card regions per heap region 1 cards per card region 2048
 CPUs: 12 total, 12 available
 Memory: 7549M
 Large Page Support: Disabled
 NUMA Support: Disabled
 Compressed Oops: Enabled (32-bit)
 Heap Region Size: 1M
 Heap Min Capacity: 8M
 Heap Initial Capacity: 118M
 Heap Max Capacity: 1888M
 Pre-touch: Disabled
 Parallel Workers: 10
 Concurrent Workers: 3
 Concurrent Refinement Workers: 10
 Periodic GC: Disabled

Heap:
 garbage-first heap   total reserved 1933312K, committed 120832K, used 45642K [0x000000008a000000, 0x0000000100000000)
  region size 1024K, 31 young (31744K), 3 survivors (3072K)
 Metaspace       used 18650K, committed 18944K, reserved 1114112K
  class space    used 2057K, committed 2176K, reserved 1048576K

Heap Regions: E=young(eden), S=young(survivor), O=old, HS=humongous(starts), HC=humongous(continues), CS=collection set, F=free, TAMS=top-at-mark-start, PB=parsable bottom
|   0|0x000000008a000000, 0x000000008a100000, 0x000000008a100000|100%| O|  |TAMS 0x000000008a000000| PB 0x000000008a000000| Untracked |  0
|   1|0x000000008a100000, 0x000000008a1929c0, 0x000000008a200000| 57%| O|  |TAMS 0x000000008a100000| PB 0x000000008a100000| Untracked |  0
|   2|0x000000008a200000, 0x000000008a300000, 0x000000008a300000|100%|HS|  |TAMS 0x000000008a200000| PB 0x000000008a200000| Complete |  0
|   3|0x000000008a300000, 0x000000008a400000, 0x000000008a400000|100%|HC|  |TAMS 0x000000008a300000| PB 0x000000008a300000| Complete |  0
|   4|0x000000008a400000, 0x000000008a500000, 0x000000008a500000|100%|HC|  |TAMS 0x000000008a400000| PB 0x000000008a400000| Complete |  0
|   5|0x000000008a500000, 0x000000008a600000, 0x000000008a600000|100%|HC|  |TAMS 0x000000008a500000| PB 0x000000008a500000| Complete |  0
|   6|0x000000008a600000, 0x000000008a700000, 0x000000008a700000|100%|HS|  |TAMS 0x000000008a600000| PB 0x000000008a600000| Complete |  0
|   7|0x000000008a700000, 0x000000008a800000, 0x000000008a800000|100%|HC|  |TAMS 0x000000008a700000| PB 0x000000008a700000| Complete |  0
|   8|0x000000008a800000, 0x000000008a900000, 0x000000008a900000|100%|HC|  |TAMS 0x000000008a800000| PB 0x000000008a800000| Complete |  0
|   9|0x000000008a900000, 0x000000008aa00000, 0x000000008aa00000|100%|HC|  |TAMS 0x000000008a900000| PB 0x000000008a900000| Complete |  0
|  10|0x000000008aa00000, 0x000000008ab00000, 0x000000008ab00000|100%|HC|  |TAMS 0x000000008aa00000| PB 0x000000008aa00000| Complete |  0
|  11|0x000000008ab00000, 0x000000008ac00000, 0x000000008ac00000|100%|HS|  |TAMS 0x000000008ab00000| PB 0x000000008ab00000| Complete |  0
|  12|0x000000008ac00000, 0x000000008ad00000, 0x000000008ad00000|100%|HC|  |TAMS 0x000000008ac00000| PB 0x000000008ac00000| Complete |  0
|  13|0x000000008ad00000, 0x000000008ae00000, 0x000000008ae00000|100%|HC|  |TAMS 0x000000008ad00000| PB 0x000000008ad00000| Complete |  0
|  14|0x000000008ae00000, 0x000000008af00000, 0x000000008af00000|100%|HC|  |TAMS 0x000000008ae00000| PB 0x000000008ae00000| Complete |  0
|  15|0x000000008af00000, 0x000000008b000000, 0x000000008b000000|100%|HC|  |TAMS 0x000000008af00000| PB 0x000000008af00000| Complete |  0
|  16|0x000000008b000000, 0x000000008b000000, 0x000000008b100000|  0%| F|  |TAMS 0x000000008b000000| PB 0x000000008b000000| Untracked |  0
|  17|0x000000008b100000, 0x000000008b100000, 0x000000008b200000|  0%| F|  |TAMS 0x000000008b100000| PB 0x000000008b100000| Untracked |  0
|  18|0x000000008b200000, 0x000000008b200000, 0x000000008b300000|  0%| F|  |TAMS 0x000000008b200000| PB 0x000000008b200000| Untracked |  0
|  19|0x000000008b300000, 0x000000008b300000, 0x000000008b400000|  0%| F|  |TAMS 0x000000008b300000| PB 0x000000008b300000| Untracked |  0
|  20|0x000000008b400000, 0x000000008b400000, 0x000000008b500000|  0%| F|  |TAMS 0x000000008b400000| PB 0x000000008b400000| Untracked |  0
|  21|0x000000008b500000, 0x000000008b500000, 0x000000008b600000|  0%| F|  |TAMS 0x000000008b500000| PB 0x000000008b500000| Untracked |  0
|  22|0x000000008b600000, 0x000000008b600000, 0x000000008b700000|  0%| F|  |TAMS 0x000000008b600000| PB 0x000000008b600000| Untracked |  0
|  23|0x000000008b700000, 0x000000008b700000, 0x000000008b800000|  0%| F|  |TAMS 0x000000008b700000| PB 0x000000008b700000| Untracked |  0
|  24|0x000000008b800000, 0x000000008b800000, 0x000000008b900000|  0%| F|  |TAMS 0x000000008b800000| PB 0x000000008b800000| Untracked |  0
|  25|0x000000008b900000, 0x000000008b900000, 0x000000008ba00000|  0%| F|  |TAMS 0x000000008b900000| PB 0x000000008b900000| Untracked |  0
|  26|0x000000008ba00000, 0x000000008ba00000, 0x000000008bb00000|  0%| F|  |TAMS 0x000000008ba00000| PB 0x000000008ba00000| Untracked |  0
|  27|0x000000008bb00000, 0x000000008bb00000, 0x000000008bc00000|  0%| F|  |TAMS 0x000000008bb00000| PB 0x000000008bb00000| Untracked |  0
|  28|0x000000008bc00000, 0x000000008bc00000, 0x000000008bd00000|  0%| F|  |TAMS 0x000000008bc00000| PB 0x000000008bc00000| Untracked |  0
|  29|0x000000008bd00000, 0x000000008bd00000, 0x000000008be00000|  0%| F|  |TAMS 0x000000008bd00000| PB 0x000000008bd00000| Untracked |  0
|  30|0x000000008be00000, 0x000000008be00000, 0x000000008bf00000|  0%| F|  |TAMS 0x000000008be00000| PB 0x000000008be00000| Untracked |  0
|  31|0x000000008bf00000, 0x000000008bf00000, 0x000000008c000000|  0%| F|  |TAMS 0x000000008bf00000| PB 0x000000008bf00000| Untracked |  0
|  32|0x000000008c000000, 0x000000008c000000, 0x000000008c100000|  0%| F|  |TAMS 0x000000008c000000| PB 0x000000008c000000| Untracked |  0
|  33|0x000000008c100000, 0x000000008c100000, 0x000000008c200000|  0%| F|  |TAMS 0x000000008c100000| PB 0x000000008c100000| Untracked |  0
|  34|0x000000008c200000, 0x000000008c200000, 0x000000008c300000|  0%| F|  |TAMS 0x000000008c200000| PB 0x000000008c200000| Untracked |  0
|  35|0x000000008c300000, 0x000000008c300000, 0x000000008c400000|  0%| F|  |TAMS 0x000000008c300000| PB 0x000000008c300000| Untracked |  0
|  36|0x000000008c400000, 0x000000008c400000, 0x000000008c500000|  0%| F|  |TAMS 0x000000008c400000| PB 0x000000008c400000| Untracked |  0
|  37|0x000000008c500000, 0x000000008c500000, 0x000000008c600000|  0%| F|  |TAMS 0x000000008c500000| PB 0x000000008c500000| Untracked |  0
|  38|0x000000008c600000, 0x000000008c600000, 0x000000008c700000|  0%| F|  |TAMS 0x000000008c600000| PB 0x000000008c600000| Untracked |  0
|  39|0x000000008c700000, 0x000000008c700000, 0x000000008c800000|  0%| F|  |TAMS 0x000000008c700000| PB 0x000000008c700000| Untracked |  0
|  40|0x000000008c800000, 0x000000008c800000, 0x000000008c900000|  0%| F|  |TAMS 0x000000008c800000| PB 0x000000008c800000| Untracked |  0
|  41|0x000000008c900000, 0x000000008c900000, 0x000000008ca00000|  0%| F|  |TAMS 0x000000008c900000| PB 0x000000008c900000| Untracked |  0
|  42|0x000000008ca00000, 0x000000008ca00000, 0x000000008cb00000|  0%| F|  |TAMS 0x000000008ca00000| PB 0x000000008ca00000| Untracked |  0
|  43|0x000000008cb00000, 0x000000008cb00000, 0x000000008cc00000|  0%| F|  |TAMS 0x000000008cb00000| PB 0x000000008cb00000| Untracked |  0
|  44|0x000000008cc00000, 0x000000008cc00000, 0x000000008cd00000|  0%| F|  |TAMS 0x000000008cc00000| PB 0x000000008cc00000| Untracked |  0
|  45|0x000000008cd00000, 0x000000008cd00000, 0x000000008ce00000|  0%| F|  |TAMS 0x000000008cd00000| PB 0x000000008cd00000| Untracked |  0
|  46|0x000000008ce00000, 0x000000008ce00000, 0x000000008cf00000|  0%| F|  |TAMS 0x000000008ce00000| PB 0x000000008ce00000| Untracked |  0
|  47|0x000000008cf00000, 0x000000008cf00000, 0x000000008d000000|  0%| F|  |TAMS 0x000000008cf00000| PB 0x000000008cf00000| Untracked |  0
|  48|0x000000008d000000, 0x000000008d000000, 0x000000008d100000|  0%| F|  |TAMS 0x000000008d000000| PB 0x000000008d000000| Untracked |  0
|  49|0x000000008d100000, 0x000000008d100000, 0x000000008d200000|  0%| F|  |TAMS 0x000000008d100000| PB 0x000000008d100000| Untracked |  0
|  50|0x000000008d200000, 0x000000008d200000, 0x000000008d300000|  0%| F|  |TAMS 0x000000008d200000| PB 0x000000008d200000| Untracked |  0
|  51|0x000000008d300000, 0x000000008d300000, 0x000000008d400000|  0%| F|  |TAMS 0x000000008d300000| PB 0x000000008d300000| Untracked |  0
|  52|0x000000008d400000, 0x000000008d400000, 0x000000008d500000|  0%| F|  |TAMS 0x000000008d400000| PB 0x000000008d400000| Untracked |  0
|  53|0x000000008d500000, 0x000000008d500000, 0x000000008d600000|  0%| F|  |TAMS 0x000000008d500000| PB 0x000000008d500000| Untracked |  0
|  54|0x000000008d600000, 0x000000008d600000, 0x000000008d700000|  0%| F|  |TAMS 0x000000008d600000| PB 0x000000008d600000| Untracked |  0
|  55|0x000000008d700000, 0x000000008d700000, 0x000000008d800000|  0%| F|  |TAMS 0x000000008d700000| PB 0x000000008d700000| Untracked |  0
|  56|0x000000008d800000, 0x000000008d800000, 0x000000008d900000|  0%| F|  |TAMS 0x000000008d800000| PB 0x000000008d800000| Untracked |  0
|  57|0x000000008d900000, 0x000000008d900000, 0x000000008da00000|  0%| F|  |TAMS 0x000000008d900000| PB 0x000000008d900000| Untracked |  0
|  58|0x000000008da00000, 0x000000008da00000, 0x000000008db00000|  0%| F|  |TAMS 0x000000008da00000| PB 0x000000008da00000| Untracked |  0
|  59|0x000000008db00000, 0x000000008db00000, 0x000000008dc00000|  0%| F|  |TAMS 0x000000008db00000| PB 0x000000008db00000| Untracked |  0
|  60|0x000000008dc00000, 0x000000008dc00000, 0x000000008dd00000|  0%| F|  |TAMS 0x000000008dc00000| PB 0x000000008dc00000| Untracked |  0
|  61|0x000000008dd00000, 0x000000008dd00000, 0x000000008de00000|  0%| F|  |TAMS 0x000000008dd00000| PB 0x000000008dd00000| Untracked |  0
|  62|0x000000008de00000, 0x000000008de00000, 0x000000008df00000|  0%| F|  |TAMS 0x000000008de00000| PB 0x000000008de00000| Untracked |  0
|  63|0x000000008df00000, 0x000000008df00000, 0x000000008e000000|  0%| F|  |TAMS 0x000000008df00000| PB 0x000000008df00000| Untracked |  0
|  64|0x000000008e000000, 0x000000008e000000, 0x000000008e100000|  0%| F|  |TAMS 0x000000008e000000| PB 0x000000008e000000| Untracked |  0
|  65|0x000000008e100000, 0x000000008e100000, 0x000000008e200000|  0%| F|  |TAMS 0x000000008e100000| PB 0x000000008e100000| Untracked |  0
|  66|0x000000008e200000, 0x000000008e200000, 0x000000008e300000|  0%| F|  |TAMS 0x000000008e200000| PB 0x000000008e200000| Untracked |  0
|  67|0x000000008e300000, 0x000000008e300000, 0x000000008e400000|  0%| F|  |TAMS 0x000000008e300000| PB 0x000000008e300000| Untracked |  0
|  68|0x000000008e400000, 0x000000008e400000, 0x000000008e500000|  0%| F|  |TAMS 0x000000008e400000| PB 0x000000008e400000| Untracked |  0
|  69|0x000000008e500000, 0x000000008e500000, 0x000000008e600000|  0%| F|  |TAMS 0x000000008e500000| PB 0x000000008e500000| Untracked |  0
|  70|0x000000008e600000, 0x000000008e600000, 0x000000008e700000|  0%| F|  |TAMS 0x000000008e600000| PB 0x000000008e600000| Untracked |  0
|  71|0x000000008e700000, 0x000000008e700000, 0x000000008e800000|  0%| F|  |TAMS 0x000000008e700000| PB 0x000000008e700000| Untracked |  0
|  72|0x000000008e800000, 0x000000008e800000, 0x000000008e900000|  0%| F|  |TAMS 0x000000008e800000| PB 0x000000008e800000| Untracked |  0
|  73|0x000000008e900000, 0x000000008e900000, 0x000000008ea00000|  0%| F|  |TAMS 0x000000008e900000| PB 0x000000008e900000| Untracked |  0
|  74|0x000000008ea00000, 0x000000008ea00000, 0x000000008eb00000|  0%| F|  |TAMS 0x000000008ea00000| PB 0x000000008ea00000| Untracked |  0
|  75|0x000000008eb00000, 0x000000008eb00000, 0x000000008ec00000|  0%| F|  |TAMS 0x000000008eb00000| PB 0x000000008eb00000| Untracked |  0
|  76|0x000000008ec00000, 0x000000008ec00000, 0x000000008ed00000|  0%| F|  |TAMS 0x000000008ec00000| PB 0x000000008ec00000| Untracked |  0
|  77|0x000000008ed00000, 0x000000008ed00000, 0x000000008ee00000|  0%| F|  |TAMS 0x000000008ed00000| PB 0x000000008ed00000| Untracked |  0
|  78|0x000000008ee00000, 0x000000008ee00000, 0x000000008ef00000|  0%| F|  |TAMS 0x000000008ee00000| PB 0x000000008ee00000| Untracked |  0
|  79|0x000000008ef00000, 0x000000008ef00000, 0x000000008f000000|  0%| F|  |TAMS 0x000000008ef00000| PB 0x000000008ef00000| Untracked |  0
|  80|0x000000008f000000, 0x000000008f000000, 0x000000008f100000|  0%| F|  |TAMS 0x000000008f000000| PB 0x000000008f000000| Untracked |  0
|  81|0x000000008f100000, 0x000000008f100000, 0x000000008f200000|  0%| F|  |TAMS 0x000000008f100000| PB 0x000000008f100000| Untracked |  0
|  82|0x000000008f200000, 0x000000008f200000, 0x000000008f300000|  0%| F|  |TAMS 0x000000008f200000| PB 0x000000008f200000| Untracked |  0
|  83|0x000000008f300000, 0x000000008f300000, 0x000000008f400000|  0%| F|  |TAMS 0x000000008f300000| PB 0x000000008f300000| Untracked |  0
|  84|0x000000008f400000, 0x000000008f400000, 0x000000008f500000|  0%| F|  |TAMS 0x000000008f400000| PB 0x000000008f400000| Untracked |  0
|  85|0x000000008f500000, 0x000000008f500000, 0x000000008f600000|  0%| F|  |TAMS 0x000000008f500000| PB 0x000000008f500000| Untracked |  0
|  86|0x000000008f600000, 0x000000008f600000, 0x000000008f700000|  0%| F|  |TAMS 0x000000008f600000| PB 0x000000008f600000| Untracked |  0
|  87|0x000000008f700000, 0x000000008f757378, 0x000000008f800000| 34%| E|  |TAMS 0x000000008f700000| PB 0x000000008f700000| Complete |  0
|  88|0x000000008f800000, 0x000000008f900000, 0x000000008f900000|100%| E|CS|TAMS 0x000000008f800000| PB 0x000000008f800000| Complete |  0
|  89|0x000000008f900000, 0x000000008fa00000, 0x000000008fa00000|100%| E|CS|TAMS 0x000000008f900000| PB 0x000000008f900000| Complete |  0
|  90|0x000000008fa00000, 0x000000008fb00000, 0x000000008fb00000|100%| E|CS|TAMS 0x000000008fa00000| PB 0x000000008fa00000| Complete |  0
|  91|0x000000008fb00000, 0x000000008fc00000, 0x000000008fc00000|100%| S|CS|TAMS 0x000000008fb00000| PB 0x000000008fb00000| Complete |  0
|  92|0x000000008fc00000, 0x000000008fd00000, 0x000000008fd00000|100%| S|CS|TAMS 0x000000008fc00000| PB 0x000000008fc00000| Complete |  0
|  93|0x000000008fd00000, 0x000000008fe00000, 0x000000008fe00000|100%| S|CS|TAMS 0x000000008fd00000| PB 0x000000008fd00000| Complete |  0
|  94|0x000000008fe00000, 0x000000008ff00000, 0x000000008ff00000|100%| E|CS|TAMS 0x000000008fe00000| PB 0x000000008fe00000| Complete |  0
|  95|0x000000008ff00000, 0x0000000090000000, 0x0000000090000000|100%| E|CS|TAMS 0x000000008ff00000| PB 0x000000008ff00000| Complete |  0
|  96|0x0000000090000000, 0x0000000090100000, 0x0000000090100000|100%| E|CS|TAMS 0x0000000090000000| PB 0x0000000090000000| Complete |  0
|  97|0x0000000090100000, 0x0000000090200000, 0x0000000090200000|100%| E|  |TAMS 0x0000000090100000| PB 0x0000000090100000| Complete |  0
|  98|0x0000000090200000, 0x0000000090300000, 0x0000000090300000|100%| E|CS|TAMS 0x0000000090200000| PB 0x0000000090200000| Complete |  0
|  99|0x0000000090300000, 0x0000000090400000, 0x0000000090400000|100%| E|CS|TAMS 0x0000000090300000| PB 0x0000000090300000| Complete |  0
| 100|0x0000000090400000, 0x0000000090500000, 0x0000000090500000|100%| E|CS|TAMS 0x0000000090400000| PB 0x0000000090400000| Complete |  0
| 101|0x0000000090500000, 0x0000000090600000, 0x0000000090600000|100%| E|CS|TAMS 0x0000000090500000| PB 0x0000000090500000| Complete |  0
| 102|0x0000000090600000, 0x0000000090700000, 0x0000000090700000|100%| E|CS|TAMS 0x0000000090600000| PB 0x0000000090600000| Complete |  0
| 103|0x0000000090700000, 0x0000000090800000, 0x0000000090800000|100%| E|CS|TAMS 0x0000000090700000| PB 0x0000000090700000| Complete |  0
| 104|0x0000000090800000, 0x0000000090900000, 0x0000000090900000|100%| E|CS|TAMS 0x0000000090800000| PB 0x0000000090800000| Complete |  0
| 105|0x0000000090900000, 0x0000000090a00000, 0x0000000090a00000|100%| E|CS|TAMS 0x0000000090900000| PB 0x0000000090900000| Complete |  0
| 106|0x0000000090a00000, 0x0000000090b00000, 0x0000000090b00000|100%| E|CS|TAMS 0x0000000090a00000| PB 0x0000000090a00000| Complete |  0
| 107|0x0000000090b00000, 0x0000000090c00000, 0x0000000090c00000|100%| E|CS|TAMS 0x0000000090b00000| PB 0x0000000090b00000| Complete |  0
| 108|0x0000000090c00000, 0x0000000090d00000, 0x0000000090d00000|100%| E|CS|TAMS 0x0000000090c00000| PB 0x0000000090c00000| Complete |  0
| 109|0x0000000090d00000, 0x0000000090e00000, 0x0000000090e00000|100%| E|CS|TAMS 0x0000000090d00000| PB 0x0000000090d00000| Complete |  0
| 110|0x0000000090e00000, 0x0000000090f00000, 0x0000000090f00000|100%| E|CS|TAMS 0x0000000090e00000| PB 0x0000000090e00000| Complete |  0
| 111|0x0000000090f00000, 0x0000000091000000, 0x0000000091000000|100%| E|CS|TAMS 0x0000000090f00000| PB 0x0000000090f00000| Complete |  0
| 112|0x0000000091000000, 0x0000000091100000, 0x0000000091100000|100%| E|CS|TAMS 0x0000000091000000| PB 0x0000000091000000| Complete |  0
| 113|0x0000000091100000, 0x0000000091200000, 0x0000000091200000|100%| E|CS|TAMS 0x0000000091100000| PB 0x0000000091100000| Complete |  0
| 114|0x0000000091200000, 0x0000000091300000, 0x0000000091300000|100%| E|CS|TAMS 0x0000000091200000| PB 0x0000000091200000| Complete |  0
| 115|0x0000000091300000, 0x0000000091400000, 0x0000000091400000|100%| E|CS|TAMS 0x0000000091300000| PB 0x0000000091300000| Complete |  0
| 116|0x0000000091400000, 0x0000000091500000, 0x0000000091500000|100%| E|CS|TAMS 0x0000000091400000| PB 0x0000000091400000| Complete |  0
| 117|0x0000000091500000, 0x0000000091600000, 0x0000000091600000|100%| E|CS|TAMS 0x0000000091500000| PB 0x0000000091500000| Complete |  0

Card table byte_map: [0x0000012be57c0000,0x0000012be5b70000] _byte_map_base: 0x0000012be5370000

Marking Bits: (CMBitMap*) 0x0000012bcdbbc520
 Bits: [0x0000012be5b70000, 0x0000012be78f0000)

Polling page: 0x0000012bcbac0000

Metaspace:

Usage:
  Non-class:     16.20 MB used.
      Class:      2.01 MB used.
       Both:     18.21 MB used.

Virtual space:
  Non-class space:       64.00 MB reserved,      16.38 MB ( 26%) committed,  1 nodes.
      Class space:        1.00 GB reserved,       2.12 MB ( <1%) committed,  1 nodes.
             Both:        1.06 GB reserved,      18.50 MB (  2%) committed. 

Chunk freelists:
   Non-Class:  14.73 MB
       Class:  13.92 MB
        Both:  28.66 MB

MaxMetaspaceSize: unlimited
CompressedClassSpaceSize: 1.00 GB
Initial GC threshold: 21.00 MB
Current GC threshold: 21.00 MB
CDS: on
 - commit_granule_bytes: 65536.
 - commit_granule_words: 8192.
 - virtual_space_node_default_size: 8388608.
 - enlarge_chunks_in_place: 1.
 - use_allocation_guard: 0.


Internal statistics:

num_allocs_failed_limit: 0.
num_arena_births: 196.
num_arena_deaths: 0.
num_vsnodes_births: 2.
num_vsnodes_deaths: 0.
num_space_committed: 295.
num_space_uncommitted: 0.
num_chunks_returned_to_freelist: 0.
num_chunks_taken_from_freelist: 422.
num_chunk_merges: 0.
num_chunk_splits: 245.
num_chunks_enlarged: 132.
num_inconsistent_stats: 0.

CodeHeap 'non-profiled nmethods': size=120000Kb used=1016Kb max_used=1016Kb free=118983Kb
 bounds [0x0000012bdd980000, 0x0000012bddbf0000, 0x0000012be4eb0000]
CodeHeap 'profiled nmethods': size=120000Kb used=5068Kb max_used=5068Kb free=114931Kb
 bounds [0x0000012bd5eb0000, 0x0000012bd63b0000, 0x0000012bdd3e0000]
CodeHeap 'non-nmethods': size=5760Kb used=1737Kb max_used=1766Kb free=4022Kb
 bounds [0x0000012bdd3e0000, 0x0000012bdd650000, 0x0000012bdd980000]
 total_blobs=3488 nmethods=2728 adapters=664
 compilation: enabled
              stopped_count=0, restarted_count=0
 full_count=0

Compilation events (20 events):
Event: 27.505 Thread 0x0000012bea54fe70 2715       3       java.util.concurrent.ConcurrentHashMap$Traverser::<init> (36 bytes)
Event: 27.505 Thread 0x0000012bea54fe70 nmethod 2715 0x0000012bd6395a90 code [0x0000012bd6395c40, 0x0000012bd6395e40]
Event: 27.505 Thread 0x0000012bea54fe70 2716       3       java.text.Format::<init> (5 bytes)
Event: 27.506 Thread 0x0000012bea54fe70 nmethod 2716 0x0000012bd6395f10 code [0x0000012bd63960a0, 0x0000012bd6396208]
Event: 27.838 Thread 0x0000012bea54fe70 2717       3       java.lang.StringBuffer::<init> (7 bytes)
Event: 27.838 Thread 0x0000012bea54fe70 nmethod 2717 0x0000012bd6396310 code [0x0000012bd63964c0, 0x0000012bd6396600]
Event: 27.838 Thread 0x0000012bea54fe70 2718  s    3       java.lang.StringBuffer::toString (34 bytes)
Event: 27.838 Thread 0x0000012bea54fe70 nmethod 2718 0x0000012bd6396690 code [0x0000012bd6396860, 0x0000012bd6396c78]
Event: 27.839 Thread 0x0000012bea54fe70 2719       3       java.text.FieldPosition::<init> (25 bytes)
Event: 27.839 Thread 0x0000012bea54fe70 nmethod 2719 0x0000012bd6396d90 code [0x0000012bd6396f20, 0x0000012bd63970a0]
Event: 27.839 Thread 0x0000012bea54fe70 2720   !   3       com.mysql.cj.Messages::getString (99 bytes)
Event: 27.840 Thread 0x0000012bea54fe70 nmethod 2720 0x0000012bd6397190 code [0x0000012bd63974a0, 0x0000012bd63982f0]
Event: 27.840 Thread 0x0000012bea54fe70 2721       3       java.util.PropertyResourceBundle::handleGetObject (23 bytes)
Event: 27.840 Thread 0x0000012bea54fe70 nmethod 2721 0x0000012bd6398990 code [0x0000012bd6398b60, 0x0000012bd6398e30]
Event: 27.840 Thread 0x0000012bea54fe70 2722       3       com.mysql.cj.Messages::getString (8 bytes)
Event: 27.840 Thread 0x0000012bea54fe70 nmethod 2722 0x0000012bd6398f10 code [0x0000012bd63990c0, 0x0000012bd63991e8]
Event: 27.857 Thread 0x0000012bea549970 2723 %     4       java.text.MessageFormat::applyPatternImpl @ 34 (422 bytes)
Event: 27.863 Thread 0x0000012bea54fe70 2724  s    3       java.lang.StringBuffer::append (15 bytes)
Event: 27.864 Thread 0x0000012bea54fe70 nmethod 2724 0x0000012bd6399290 code [0x0000012bd6399440, 0x0000012bd6399680]
Event: 27.864 Thread 0x0000012bea54fe70 2727       3       java.text.MessageFormat::subformat (542 bytes)

GC Heap History (2 events):
Event: 1.933 GC heap before
{Heap before GC invocations=0 (full 0):
 garbage-first heap   total reserved 1933312K, committed 120832K, used 23552K [0x000000008a000000, 0x0000000100000000)
  region size 1024K, 24 young (24576K), 0 survivors (0K)
 Metaspace       used 8882K, committed 9152K, reserved 1114112K
  class space    used 988K, committed 1152K, reserved 1048576K
}
Event: 1.942 GC heap after
{Heap after GC invocations=1 (full 0):
 garbage-first heap   total reserved 1933312K, committed 120832K, used 4682K [0x000000008a000000, 0x0000000100000000)
  region size 1024K, 3 young (3072K), 3 survivors (3072K)
 Metaspace       used 8882K, committed 9152K, reserved 1114112K
  class space    used 988K, committed 1152K, reserved 1048576K
}

Dll operation events (12 events):
Event: 0.007 Loaded shared library C:\Program Files\Java\jdk-22\bin\java.dll
Event: 0.032 Loaded shared library C:\Program Files\Java\jdk-22\bin\jsvml.dll
Event: 0.046 Loaded shared library C:\Program Files\Java\jdk-22\bin\net.dll
Event: 0.048 Loaded shared library C:\Program Files\Java\jdk-22\bin\nio.dll
Event: 0.052 Loaded shared library C:\Program Files\Java\jdk-22\bin\zip.dll
Event: 0.067 Loaded shared library C:\Program Files\Java\jdk-22\bin\jimage.dll
Event: 0.081 Loaded shared library C:\Program Files\Java\jdk-22\bin\awt.dll
Event: 0.361 Loaded shared library C:\Program Files\Java\jdk-22\bin\javajpeg.dll
Event: 0.437 Loaded shared library C:\Program Files\Java\jdk-22\bin\freetype.dll
Event: 0.437 Loaded shared library C:\Program Files\Java\jdk-22\bin\fontmanager.dll
Event: 5.617 Loaded shared library C:\Program Files\Java\jdk-22\bin\extnet.dll
Event: 5.797 Loaded shared library C:\Program Files\Java\jdk-22\bin\sunmscapi.dll

Deoptimization events (20 events):
Event: 27.465 Thread 0x0000012bc85106e0 Uncommon trap: trap_request=0xffffffde fr.pc=0x0000012bdda4cb14 relative=0x0000000000000254
Event: 27.465 Thread 0x0000012bc85106e0 Uncommon trap: reason=class_check action=maybe_recompile pc=0x0000012bdda4cb14 method=sun.security.util.math.intpoly.IntegerPolynomial.multByInt([JJ)V @ 26 c2
Event: 27.465 Thread 0x0000012bc85106e0 DEOPT PACKING pc=0x0000012bdda4cb14 sp=0x0000001c22dfd040
Event: 27.465 Thread 0x0000012bc85106e0 DEOPT UNPACKING pc=0x0000012bdd4346a2 sp=0x0000001c22dfd010 mode 2
Event: 27.466 Thread 0x0000012bc85106e0 Uncommon trap: trap_request=0xffffffde fr.pc=0x0000012bdda4cb14 relative=0x0000000000000254
Event: 27.466 Thread 0x0000012bc85106e0 Uncommon trap: reason=class_check action=maybe_recompile pc=0x0000012bdda4cb14 method=sun.security.util.math.intpoly.IntegerPolynomial.multByInt([JJ)V @ 26 c2
Event: 27.466 Thread 0x0000012bc85106e0 DEOPT PACKING pc=0x0000012bdda4cb14 sp=0x0000001c22dfd040
Event: 27.466 Thread 0x0000012bc85106e0 DEOPT UNPACKING pc=0x0000012bdd4346a2 sp=0x0000001c22dfd010 mode 2
Event: 27.466 Thread 0x0000012bc85106e0 Uncommon trap: trap_request=0xffffffde fr.pc=0x0000012bdda4cb14 relative=0x0000000000000254
Event: 27.466 Thread 0x0000012bc85106e0 Uncommon trap: reason=class_check action=maybe_recompile pc=0x0000012bdda4cb14 method=sun.security.util.math.intpoly.IntegerPolynomial.multByInt([JJ)V @ 26 c2
Event: 27.466 Thread 0x0000012bc85106e0 DEOPT PACKING pc=0x0000012bdda4cb14 sp=0x0000001c22dfd040
Event: 27.466 Thread 0x0000012bc85106e0 DEOPT UNPACKING pc=0x0000012bdd4346a2 sp=0x0000001c22dfd010 mode 2
Event: 27.470 Thread 0x0000012bc85106e0 Uncommon trap: trap_request=0xffffff45 fr.pc=0x0000012bdd9c80e0 relative=0x00000000000001c0
Event: 27.470 Thread 0x0000012bc85106e0 Uncommon trap: reason=unstable_if action=reinterpret pc=0x0000012bdd9c80e0 method=java.nio.Buffer.<init>(IIIILjava/lang/foreign/MemorySegment;)V @ 50 c2
Event: 27.470 Thread 0x0000012bc85106e0 DEOPT PACKING pc=0x0000012bdd9c80e0 sp=0x0000001c22dfd400
Event: 27.470 Thread 0x0000012bc85106e0 DEOPT UNPACKING pc=0x0000012bdd4346a2 sp=0x0000001c22dfd390 mode 2
Event: 27.471 Thread 0x0000012bc85106e0 Uncommon trap: trap_request=0xffffff6e fr.pc=0x0000012bdda58d0c relative=0x000000000000026c
Event: 27.471 Thread 0x0000012bc85106e0 Uncommon trap: reason=loop_limit_check action=maybe_recompile pc=0x0000012bdda58d0c method=java.math.BigInteger.implMulAdd([I[IIII)I @ 26 c2
Event: 27.471 Thread 0x0000012bc85106e0 DEOPT PACKING pc=0x0000012bdda58d0c sp=0x0000001c22dfcd20
Event: 27.471 Thread 0x0000012bc85106e0 DEOPT UNPACKING pc=0x0000012bdd4346a2 sp=0x0000001c22dfcc70 mode 2

Classes loaded (20 events):
Event: 6.151 Loading class sun/swing/ImageCache$Entry
Event: 6.151 Loading class sun/swing/ImageCache$Entry done
Event: 6.152 Loading class java/awt/GradientPaint
Event: 6.152 Loading class java/awt/GradientPaint done
Event: 6.152 Loading class sun/java2d/d3d/D3DPaints
Event: 6.152 Loading class sun/java2d/d3d/D3DPaints done
Event: 6.152 Loading class sun/java2d/d3d/D3DPaints$Gradient
Event: 6.152 Loading class sun/java2d/d3d/D3DPaints$Gradient done
Event: 6.152 Loading class sun/java2d/d3d/D3DPaints$LinearGradient
Event: 6.152 Loading class sun/java2d/d3d/D3DPaints$MultiGradient
Event: 6.152 Loading class sun/java2d/d3d/D3DPaints$MultiGradient done
Event: 6.152 Loading class sun/java2d/d3d/D3DPaints$LinearGradient done
Event: 6.152 Loading class sun/java2d/d3d/D3DPaints$RadialGradient
Event: 6.152 Loading class sun/java2d/d3d/D3DPaints$RadialGradient done
Event: 6.152 Loading class sun/java2d/d3d/D3DPaints$Texture
Event: 6.152 Loading class sun/java2d/d3d/D3DPaints$Texture done
Event: 6.192 Loading class sun/java2d/SurfaceDataProxy$CountdownTracker
Event: 6.192 Loading class sun/java2d/SurfaceDataProxy$CountdownTracker done
Event: 6.221 Loading class java/awt/LightweightDispatcher$2
Event: 6.221 Loading class java/awt/LightweightDispatcher$2 done

Classes unloaded (0 events):
No events

Classes redefined (0 events):
No events

Internal exceptions (20 events):
Event: 0.260 Thread 0x0000012bcb81b1f0 Exception <a 'java/lang/NoSuchMethodError'{0x00000000912eb5f8}: 'java.lang.Object java.lang.invoke.DirectMethodHandle$Holder.invokeStatic(java.lang.Object, int, java.lang.Object)'> (0x00000000912eb5f8) 
thrown [s\open\src\hotspot\share\interpreter\linkResolver.cpp, line 774]
Event: 0.284 Thread 0x0000012bcb81b1f0 Exception <a 'java/lang/ClassNotFoundException'{0x000000009118dd98}: com/sun/swing/internal/plaf/metal/resources/spi/metalProvider> (0x000000009118dd98) 
thrown [s\open\src\hotspot\share\classfile\systemDictionary.cpp, line 313]
Event: 0.285 Thread 0x0000012bcb81b1f0 Exception <a 'java/lang/ClassNotFoundException'{0x0000000091191d78}: com/sun/swing/internal/plaf/basic/resources/spi/basicProvider> (0x0000000091191d78) 
thrown [s\open\src\hotspot\share\classfile\systemDictionary.cpp, line 313]
Event: 0.295 Thread 0x0000012bcb81b1f0 Exception <a 'java/lang/NoSuchMethodError'{0x00000000911b1b28}: 'int java.lang.invoke.Invokers$Holder.invokeExact_MT(java.lang.Object, java.lang.Object)'> (0x00000000911b1b28) 
thrown [s\open\src\hotspot\share\interpreter\linkResolver.cpp, line 774]
Event: 0.363 Thread 0x0000012bc84b5f80 Exception <a 'java/lang/NoSuchMethodError'{0x0000000090fa5fd0}: 'java.lang.Object java.lang.invoke.DirectMethodHandle$Holder.newInvokeSpecial(java.lang.Object, java.lang.Object, java.lang.Object, int, int, int, int, int)'> (0x0000000090fa5fd0) 
thrown [s\open\src\hotspot\share\interpreter\linkResolver.cpp, line 774]
Event: 0.416 Thread 0x0000012bc542bfd0 Exception <a 'java/lang/NoSuchMethodError'{0x000000009120f158}: 'void java.lang.invoke.DirectMethodHandle$Holder.invokeVirtual(java.lang.Object, java.lang.Object)'> (0x000000009120f158) 
thrown [s\open\src\hotspot\share\interpreter\linkResolver.cpp, line 774]
Event: 0.433 Thread 0x0000012bcb81b1f0 Exception <a 'java/lang/NoSuchMethodError'{0x0000000090d13388}: 'void java.lang.invoke.DirectMethodHandle$Holder.invokeStaticInit(java.lang.Object)'> (0x0000000090d13388) 
thrown [s\open\src\hotspot\share\interpreter\linkResolver.cpp, line 774]
Event: 1.955 Thread 0x0000012bc85106e0 Exception <a 'java/lang/NoSuchMethodError'{0x0000000091493180}: 'void java.lang.invoke.DirectMethodHandle$Holder.invokeSpecial(java.lang.Object, java.lang.Object, java.lang.Object, java.lang.Object, java.lang.Object)'> (0x0000000091493180) 
thrown [s\open\src\hotspot\share\interpreter\linkResolver.cpp, line 774]
Event: 5.483 Thread 0x0000012bc85106e0 Exception <a 'java/lang/NoSuchMethodError'{0x0000000091208a08}: 'void java.lang.invoke.DirectMethodHandle$Holder.invokeStatic(java.lang.Object, java.lang.Object)'> (0x0000000091208a08) 
thrown [s\open\src\hotspot\share\interpreter\linkResolver.cpp, line 774]
Event: 5.488 Thread 0x0000012bc85106e0 Implicit null exception at 0x0000012bdd9caafa to 0x0000012bdd9cabac
Event: 5.512 Thread 0x0000012bc85106e0 Exception <a 'java/lang/NoSuchMethodError'{0x00000000912ceae8}: 'java.lang.Object java.lang.invoke.DirectMethodHandle$Holder.invokeInterface(java.lang.Object, java.lang.Object)'> (0x00000000912ceae8) 
thrown [s\open\src\hotspot\share\interpreter\linkResolver.cpp, line 774]
Event: 5.531 Thread 0x0000012bc85106e0 Exception <a 'java/lang/NoSuchMethodError'{0x0000000091156058}: 'void java.lang.invoke.DirectMethodHandle$Holder.invokeStatic(java.lang.Object, java.lang.Object, java.lang.Object)'> (0x0000000091156058) 
thrown [s\open\src\hotspot\share\interpreter\linkResolver.cpp, line 774]
Event: 5.532 Thread 0x0000012bc85106e0 Exception <a 'java/lang/NoSuchMethodError'{0x000000009115f910}: 'java.lang.Object java.lang.invoke.DirectMethodHandle$Holder.invokeVirtual(java.lang.Object, java.lang.Object, java.lang.Object)'> (0x000000009115f910) 
thrown [s\open\src\hotspot\share\interpreter\linkResolver.cpp, line 774]
Event: 5.685 Thread 0x0000012bc85106e0 Exception <a 'java/lang/NoSuchMethodError'{0x0000000090b168e8}: 'void java.lang.invoke.DirectMethodHandle$Holder.invokeStaticInit(java.lang.Object, java.lang.Object)'> (0x0000000090b168e8) 
thrown [s\open\src\hotspot\share\interpreter\linkResolver.cpp, line 774]
Event: 5.735 Thread 0x0000012bc85106e0 Exception <a 'sun/nio/fs/WindowsException'{0x0000000090a467d0}> (0x0000000090a467d0) 
thrown [s\open\src\hotspot\share\prims\jni.cpp, line 520]
Event: 5.764 Thread 0x0000012bc85106e0 Exception <a 'java/lang/NoSuchMethodError'{0x0000000090af01d0}: 'java.lang.Object java.lang.invoke.DirectMethodHandle$Holder.invokeStaticInit(java.lang.Object, int, int, int, int)'> (0x0000000090af01d0) 
thrown [s\open\src\hotspot\share\interpreter\linkResolver.cpp, line 774]
Event: 5.781 Thread 0x0000012bc85106e0 Exception <a 'java/lang/NoSuchMethodError'{0x00000000909a8708}: 'java.lang.Object java.lang.invoke.DirectMethodHandle$Holder.invokeStaticInit(java.lang.Object, java.lang.Object, int, int, int, int)'> (0x00000000909a8708) 
thrown [s\open\src\hotspot\share\interpreter\linkResolver.cpp, line 774]
Event: 5.817 Thread 0x0000012bc85106e0 Exception <a 'java/lang/NoSuchMethodError'{0x0000000090825f88}: 'int java.lang.invoke.DirectMethodHandle$Holder.invokeSpecial(java.lang.Object, java.lang.Object, java.lang.Object)'> (0x0000000090825f88) 
thrown [s\open\src\hotspot\share\interpreter\linkResolver.cpp, line 774]
Event: 5.970 Thread 0x0000012bc85106e0 Exception <a 'java/lang/NoSuchMethodError'{0x0000000090613718}: 'void java.lang.invoke.DirectMethodHandle$Holder.invokeStatic(java.lang.Object, java.lang.Object, java.lang.Object, java.lang.Object)'> (0x0000000090613718) 
thrown [s\open\src\hotspot\share\interpreter\linkResolver.cpp, line 774]
Event: 5.991 Thread 0x0000012bc85106e0 Exception <a 'java/lang/NoSuchMethodError'{0x000000009066a278}: 'void java.lang.invoke.DirectMethodHandle$Holder.invokeInterface(java.lang.Object, java.lang.Object, java.lang.Object, java.lang.Object)'> (0x000000009066a278) 
thrown [s\open\src\hotspot\share\interpreter\linkResolver.cpp, line 774]

ZGC Phase Switch (0 events):
No events

VM Operations (20 events):
Event: 7.153 Executing VM operation: Cleanup
Event: 7.153 Executing VM operation: Cleanup done
Event: 13.207 Executing VM operation: Cleanup
Event: 13.207 Executing VM operation: Cleanup done
Event: 16.219 Executing VM operation: Cleanup
Event: 16.219 Executing VM operation: Cleanup done
Event: 20.261 Executing VM operation: Cleanup
Event: 20.261 Executing VM operation: Cleanup done
Event: 21.268 Executing VM operation: Cleanup
Event: 21.268 Executing VM operation: Cleanup done
Event: 22.279 Executing VM operation: Cleanup
Event: 22.279 Executing VM operation: Cleanup done
Event: 23.282 Executing VM operation: Cleanup
Event: 23.282 Executing VM operation: Cleanup done
Event: 24.283 Executing VM operation: Cleanup
Event: 24.283 Executing VM operation: Cleanup done
Event: 26.293 Executing VM operation: Cleanup
Event: 26.294 Executing VM operation: Cleanup done
Event: 27.301 Executing VM operation: Cleanup
Event: 27.301 Executing VM operation: Cleanup done

Events (20 events):
Event: 0.301 Thread 0x0000012bc84b5f80 Thread added: 0x0000012bc84b5f80
Event: 0.415 Thread 0x0000012bc85106e0 Thread added: 0x0000012bc85106e0
Event: 0.504 Thread 0x0000012bc867ac60 Thread added: 0x0000012bc867ac60
Event: 0.508 Thread 0x0000012bcb81b1f0 Thread exited: 0x0000012bcb81b1f0
Event: 0.508 Thread 0x0000012bcb81b1f0 Thread added: 0x0000012bcb81b1f0
Event: 0.700 Thread 0x0000012bc83e7180 Thread added: 0x0000012bc83e7180
Event: 0.881 Thread 0x0000012bea821950 Thread added: 0x0000012bea821950
Event: 1.082 Thread 0x0000012bc83e7180 Thread exited: 0x0000012bc83e7180
Event: 1.872 Thread 0x0000012bc83ea800 Thread added: 0x0000012bc83ea800
Event: 1.913 Thread 0x0000012bc83e7180 Thread added: 0x0000012bc83e7180
Event: 2.456 Thread 0x0000012bc83e7180 Thread exited: 0x0000012bc83e7180
Event: 2.463 Thread 0x0000012bc83ea800 Thread exited: 0x0000012bc83ea800
Event: 5.396 Thread 0x0000012bc84b5f80 Thread exited: 0x0000012bc84b5f80
Event: 5.484 Thread 0x0000012bc535de50 Thread added: 0x0000012bc535de50
Event: 5.569 Thread 0x0000012bc83ea800 Thread added: 0x0000012bc83ea800
Event: 5.852 Thread 0x0000012bc83e7180 Thread added: 0x0000012bc83e7180
Event: 6.033 Thread 0x0000012bc535f890 Thread added: 0x0000012bc535f890
Event: 11.095 Thread 0x0000012bc535f890 Thread exited: 0x0000012bc535f890
Event: 11.233 Thread 0x0000012bc83e7180 Thread exited: 0x0000012bc83e7180
Event: 11.994 Thread 0x0000012bc83ea800 Thread exited: 0x0000012bc83ea800


Dynamic libraries:
0x00007ff7af0a0000 - 0x00007ff7af0b0000 	C:\Program Files\Java\jdk-22\bin\java.exe
0x00007ff8f4990000 - 0x00007ff8f4ba7000 	C:\Windows\SYSTEM32\ntdll.dll
0x00007ff8f2750000 - 0x00007ff8f2814000 	C:\Windows\System32\KERNEL32.DLL
0x00007ff8f1d60000 - 0x00007ff8f210d000 	C:\Windows\System32\KERNELBASE.dll
0x00007ff8f2430000 - 0x00007ff8f2541000 	C:\Windows\System32\ucrtbase.dll
0x00007ff8ebf00000 - 0x00007ff8ebf1b000 	C:\Program Files\Java\jdk-22\bin\VCRUNTIME140.dll
0x00007ff8e3930000 - 0x00007ff8e3947000 	C:\Program Files\Java\jdk-22\bin\jli.dll
0x00007ff8f2a30000 - 0x00007ff8f2ae2000 	C:\Windows\System32\ADVAPI32.dll
0x00007ff8f2b10000 - 0x00007ff8f2bb7000 	C:\Windows\System32\msvcrt.dll
0x00007ff8f3f80000 - 0x00007ff8f4029000 	C:\Windows\System32\sechost.dll
0x00007ff8f2550000 - 0x00007ff8f2578000 	C:\Windows\System32\bcrypt.dll
0x00007ff8f47a0000 - 0x00007ff8f48b4000 	C:\Windows\System32\RPCRT4.dll
0x00007ff8f2bd0000 - 0x00007ff8f2d7e000 	C:\Windows\System32\USER32.dll
0x00007ff8f2580000 - 0x00007ff8f25a6000 	C:\Windows\System32\win32u.dll
0x00007ff8dc750000 - 0x00007ff8dc9e3000 	C:\Windows\WinSxS\amd64_microsoft.windows.common-controls_6595b64144ccf1df_6.0.22621.3672_none_2713b9d173822955\COMCTL32.dll
0x00007ff8f45c0000 - 0x00007ff8f45e9000 	C:\Windows\System32\GDI32.dll
0x00007ff8f25b0000 - 0x00007ff8f26c9000 	C:\Windows\System32\gdi32full.dll
0x00007ff8f1cc0000 - 0x00007ff8f1d5a000 	C:\Windows\System32\msvcp_win.dll
0x00007ff8e9f70000 - 0x00007ff8e9f7a000 	C:\Windows\SYSTEM32\VERSION.dll
0x00007ff8f3d20000 - 0x00007ff8f3d51000 	C:\Windows\System32\IMM32.DLL
0x00007ff8ecf90000 - 0x00007ff8ecf9c000 	C:\Program Files\Java\jdk-22\bin\vcruntime140_1.dll
0x00007ff8e0b90000 - 0x00007ff8e0c1e000 	C:\Program Files\Java\jdk-22\bin\msvcp140.dll
0x00007ff89f430000 - 0x00007ff8a0177000 	C:\Program Files\Java\jdk-22\bin\server\jvm.dll
0x00007ff8f2d80000 - 0x00007ff8f2df1000 	C:\Windows\System32\WS2_32.dll
0x00007ff8f0b20000 - 0x00007ff8f0b6d000 	C:\Windows\SYSTEM32\POWRPROF.dll
0x00007ff8ec4a0000 - 0x00007ff8ec4d4000 	C:\Windows\SYSTEM32\WINMM.dll
0x00007ff8f0af0000 - 0x00007ff8f0b03000 	C:\Windows\SYSTEM32\UMPDC.dll
0x00007ff8f0db0000 - 0x00007ff8f0dc8000 	C:\Windows\SYSTEM32\kernel.appcore.dll
0x00007ff8ebef0000 - 0x00007ff8ebefa000 	C:\Program Files\Java\jdk-22\bin\jimage.dll
0x00007ff8e6de0000 - 0x00007ff8e7012000 	C:\Windows\SYSTEM32\DBGHELP.DLL
0x00007ff8f3980000 - 0x00007ff8f3d08000 	C:\Windows\System32\combase.dll
0x00007ff8f45f0000 - 0x00007ff8f46c7000 	C:\Windows\System32\OLEAUT32.dll
0x00007ff8e6a90000 - 0x00007ff8e6ac2000 	C:\Windows\SYSTEM32\dbgcore.DLL
0x00007ff8f23b0000 - 0x00007ff8f242b000 	C:\Windows\System32\bcryptPrimitives.dll
0x00007ff8ebd10000 - 0x00007ff8ebd2e000 	C:\Program Files\Java\jdk-22\bin\java.dll
0x00007ff8f2e10000 - 0x00007ff8f366f000 	C:\Windows\System32\SHELL32.dll
0x00007ff8f37d0000 - 0x00007ff8f3975000 	C:\Windows\System32\ole32.dll
0x00007ff8efbd0000 - 0x00007ff8f04cc000 	C:\Windows\SYSTEM32\windows.storage.dll
0x00007ff8efa90000 - 0x00007ff8efbcf000 	C:\Windows\SYSTEM32\wintypes.dll
0x00007ff8f4030000 - 0x00007ff8f4124000 	C:\Windows\System32\SHCORE.dll
0x00007ff8f4740000 - 0x00007ff8f479e000 	C:\Windows\System32\shlwapi.dll
0x00007ff8f1bf0000 - 0x00007ff8f1c11000 	C:\Windows\SYSTEM32\profapi.dll
0x00007ff8b91e0000 - 0x00007ff8b92b7000 	C:\Program Files\Java\jdk-22\bin\jsvml.dll
0x00007ff8ebb60000 - 0x00007ff8ebb70000 	C:\Program Files\Java\jdk-22\bin\net.dll
0x00007ff8f1230000 - 0x00007ff8f1299000 	C:\Windows\system32\mswsock.dll
0x00007ff8e9fe0000 - 0x00007ff8e9ff6000 	C:\Program Files\Java\jdk-22\bin\nio.dll
0x00007ff8e8e40000 - 0x00007ff8e8e57000 	C:\Program Files\Java\jdk-22\bin\zip.dll
0x00007ff8b48a0000 - 0x00007ff8b4a2e000 	C:\Program Files\Java\jdk-22\bin\awt.dll
0x00007ff8ebc50000 - 0x00007ff8ebce7000 	C:\Windows\SYSTEM32\apphelp.dll
0x00007ff8ef420000 - 0x00007ff8ef44b000 	C:\Windows\system32\DWMAPI.DLL
0x00007ff8ef170000 - 0x00007ff8ef21f000 	C:\Windows\system32\uxtheme.dll
0x00007ff8b4b10000 - 0x00007ff8b4c10000 	C:\Windows\system32\opengl32.dll
0x00007ff8e5b10000 - 0x00007ff8e5b3d000 	C:\Windows\SYSTEM32\GLU32.dll
0x00007ff8ef2d0000 - 0x00007ff8ef309000 	C:\Windows\SYSTEM32\dxcore.dll
0x00007ff8f2820000 - 0x00007ff8f2973000 	C:\Windows\System32\MSCTF.dll
0x00007ff8c9560000 - 0x00007ff8c9708000 	C:\Windows\system32\d3d9.dll
0x00007ff8e5eb0000 - 0x00007ff8e608b000 	C:\Windows\System32\DriverStore\FileRepository\u0361612.inf_amd64_b679e02f70413f9f\B361368\aticfx64.dll
0x00007ff8b4ee0000 - 0x00007ff8b4f13000 	C:\Windows\System32\DriverStore\FileRepository\u0361612.inf_amd64_b679e02f70413f9f\B361368\atiu9p64.dll
0x00007ff8b3bb0000 - 0x00007ff8b4846000 	C:\Windows\System32\DriverStore\FileRepository\u0361612.inf_amd64_b679e02f70413f9f\B361368\atiumd64.dll
0x000000005f280000 - 0x00000000600fe000 	C:\Windows\System32\DriverStore\FileRepository\u0361612.inf_amd64_b679e02f70413f9f\B361368\atiumd6a.dll
0x00007ff8e38d0000 - 0x00007ff8e38ff000 	C:\Windows\SYSTEM32\amdihk64.dll
0x00007ff8e9b80000 - 0x00007ff8e9bc9000 	C:\Windows\SYSTEM32\directxdatabasehelper.dll
0x00007ff8b8ff0000 - 0x00007ff8b901e000 	C:\Program Files\Java\jdk-22\bin\javajpeg.dll
0x00007ff8c2b00000 - 0x00007ff8c2b87000 	C:\Program Files\Java\jdk-22\bin\freetype.dll
0x00007ff8ab510000 - 0x00007ff8ab5e7000 	C:\Program Files\Java\jdk-22\bin\fontmanager.dll
0x00007ff8f2980000 - 0x00007ff8f2a30000 	C:\Windows\System32\clbcatq.dll
0x00007ff8eef70000 - 0x00007ff8ef121000 	C:\Windows\SYSTEM32\WindowsCodecs.dll
0x00007ff8b2600000 - 0x00007ff8b265e000 	C:\Windows\system32\dataexchange.dll
0x00007ff8e6b50000 - 0x00007ff8e6dda000 	C:\Windows\system32\twinapi.appcore.dll
0x00007ff8d0d80000 - 0x00007ff8d0ece000 	C:\Windows\SYSTEM32\textinputframework.dll
0x00007ff8eb780000 - 0x00007ff8eb8b3000 	C:\Windows\SYSTEM32\CoreMessaging.dll
0x00007ff8e7d40000 - 0x00007ff8e80ad000 	C:\Windows\SYSTEM32\CoreUIComponents.dll
0x00007ff8f14d0000 - 0x00007ff8f14dc000 	C:\Windows\SYSTEM32\CRYPTBASE.DLL
0x00007ff8f07d0000 - 0x00007ff8f08c8000 	C:\Windows\SYSTEM32\DNSAPI.dll
0x00007ff8f07a0000 - 0x00007ff8f07cd000 	C:\Windows\SYSTEM32\IPHLPAPI.DLL
0x00007ff8f3d10000 - 0x00007ff8f3d19000 	C:\Windows\System32\NSI.dll
0x00007ff8e22b0000 - 0x00007ff8e22ba000 	C:\Windows\System32\rasadhlp.dll
0x00007ff8ec390000 - 0x00007ff8ec413000 	C:\Windows\System32\fwpuclnt.dll
0x00007ff8e9840000 - 0x00007ff8e9849000 	C:\Program Files\Java\jdk-22\bin\extnet.dll
0x00007ff8f14b0000 - 0x00007ff8f14cb000 	C:\Windows\SYSTEM32\CRYPTSP.dll
0x00007ff8f0d10000 - 0x00007ff8f0d45000 	C:\Windows\system32\rsaenh.dll
0x00007ff8f1350000 - 0x00007ff8f1378000 	C:\Windows\SYSTEM32\USERENV.dll
0x00007ff8e72f0000 - 0x00007ff8e72fe000 	C:\Program Files\Java\jdk-22\bin\sunmscapi.dll
0x00007ff8f21d0000 - 0x00007ff8f2337000 	C:\Windows\System32\CRYPT32.dll
0x00007ff8f1650000 - 0x00007ff8f167e000 	C:\Windows\SYSTEM32\ncrypt.dll
0x00007ff8f1610000 - 0x00007ff8f1647000 	C:\Windows\SYSTEM32\NTASN1.dll
0x00007ff8e2cc0000 - 0x00007ff8e2d2b000 	C:\Windows\system32\Ninput.dll

dbghelp: loaded successfully - version: 4.0.5 - missing functions: none
symbol engine: initialized successfully - sym options: 0x614 - pdb path: .;C:\Program Files\Java\jdk-22\bin;C:\Windows\SYSTEM32;C:\Windows\WinSxS\amd64_microsoft.windows.common-controls_6595b64144ccf1df_6.0.22621.3672_none_2713b9d173822955;C:\Program Files\Java\jdk-22\bin\server;C:\Windows\System32\DriverStore\FileRepository\u0361612.inf_amd64_b679e02f70413f9f\B361368

VM Arguments:
jvm_args: -Dfile.encoding=UTF-8 
java_command: ASimulatorSystem.Login
java_class_path (initial): C:\Users\LENOVO\Downloads\mysql-connector-j-9.0.0\mysql-connector-j-9.0.0\mysql-connector-j-9.0.0.jar;C:\Users\LENOVO\Desktop\ATM-Simulator\ATM-Simulator-System-master\ATM-Simulator-System\build\classes
Launcher Type: SUN_STANDARD

[Global flags]
     intx CICompilerCount                          = 4                                         {product} {ergonomic}
     uint ConcGCThreads                            = 3                                         {product} {ergonomic}
     uint G1ConcRefinementThreads                  = 10                                        {product} {ergonomic}
   size_t G1HeapRegionSize                         = 1048576                                   {product} {ergonomic}
   size_t InitialHeapSize                          = 123731968                                 {product} {ergonomic}
   size_t MarkStackSize                            = 4194304                                   {product} {ergonomic}
   size_t MaxHeapSize                              = 1979711488                                {product} {ergonomic}
   size_t MaxNewSize                               = 1186988032                                {product} {ergonomic}
   size_t MinHeapDeltaBytes                        = 1048576                                   {product} {ergonomic}
   size_t MinHeapSize                              = 8388608                                   {product} {ergonomic}
    uintx NonNMethodCodeHeapSize                   = 5839372                                {pd product} {ergonomic}
    uintx NonProfiledCodeHeapSize                  = 122909434                              {pd product} {ergonomic}
    uintx ProfiledCodeHeapSize                     = 122909434                              {pd product} {ergonomic}
    uintx ReservedCodeCacheSize                    = 251658240                              {pd product} {ergonomic}
     bool SegmentedCodeCache                       = true                                      {product} {ergonomic}
   size_t SoftMaxHeapSize                          = 1979711488                             {manageable} {ergonomic}
     bool UseCompressedOops                        = true                           {product lp64_product} {ergonomic}
     bool UseG1GC                                  = true                                      {product} {ergonomic}
     bool UseLargePagesIndividualAllocation        = false                                  {pd product} {ergonomic}

Logging:
Log output configuration:
 #0: stdout all=warning uptime,level,tags foldmultilines=false
 #1: stderr all=off uptime,level,tags foldmultilines=false

Environment Variables:
JAVA_HOME=C:\Program Files\Java\jdk-22
PATH=C:\Program Files\Common Files\Oracle\Java\javapath;C:\Windows\system32;C:\Windows;C:\Windows\System32\Wbem;C:\Windows\System32\WindowsPowerShell\v1.0\;C:\Windows\System32\OpenSSH\;C:\Program Files\Microsoft SQL Server\150\Tools\Binn\;C:\Program Files\Microsoft SQL Server\Client SDK\ODBC\170\Tools\Binn\;C:\Program Files\dotnet\;C:\Program Files (x86)\Microsoft SQL Server\160\Tools\Binn\;C:\Program Files\Microsoft SQL Server\160\Tools\Binn\;C:\Program Files\Microsoft SQL Server\160\DTS\Binn\;C:\Program Files (x86)\Microsoft SQL Server\160\DTS\Binn\;C:\Program Files\nodejs\;C:\Program Files\Git\cmd;C:\Program Files\Java\jdk-22\bin;C:\Users\LENOVO\AppData\Local\Microsoft\WindowsApps;C:\Users\LENOVO\AppData\Local\Programs\Microsoft VS Code\bin;C:\Users\LENOVO\.dotnet\tools;C:\Users\LENOVO\AppData\Roaming\npm;C:\Program Files\MongoDB\Server\7.0\data\;C:\Program Files\MongoDB\Server\7.0\bin;
USERNAME=LENOVO
OS=Windows_NT
PROCESSOR_IDENTIFIER=AMD64 Family 23 Model 96 Stepping 1, AuthenticAMD
TMP=C:\Users\LENOVO\AppData\Local\Temp
TEMP=C:\Users\LENOVO\AppData\Local\Temp




Periodic native trim disabled

---------------  S Y S T E M  ---------------

OS:
 Windows 11 , 64 bit Build 22621 (10.0.22621.3672)
OS uptime: 3 days 23:38 hours
Hyper-V role detected

CPU: total 12 (initial active 12) (12 cores per cpu, 2 threads per core) family 23 model 96 stepping 1 microcode 0x0, cx8, cmov, fxsr, ht, mmx, 3dnowpref, sse, sse2, sse3, ssse3, sse4a, sse4.1, sse4.2, popcnt, lzcnt, tsc, tscinvbit, avx, avx2, aes, clmul, bmi1, bmi2, adx, sha, fma, vzeroupper, clflush, clflushopt, hv, rdtscp, rdpid, f16c
Processor Information for all 12 processors :
  Max Mhz: 3000, Current Mhz: 3000, Mhz Limit: 3000

Memory: 4k page, system-wide physical 7549M (633M free)
TotalPageFile size 31101M (AvailPageFile size 3M)
current process WorkingSet (physical memory assigned to process): 175M, peak: 175M
current process commit charge ("private bytes"): 319M, peak: 319M

vm_info: Java HotSpot(TM) 64-Bit Server VM (22.0.1+8-16) for windows-amd64 JRE (22.0.1+8-16), built on 2024-03-12T10:33:16Z by "mach5one" with MS VC++ 17.6 (VS2022)

END.
